[    0.000000] Initializing cgroup subsys cpuset
[    0.000000] Initializing cgroup subsys cpu
[    0.000000] Initializing cgroup subsys cpuacct
[    0.000000] Linux version 4.4.0-141-generic (buildd@lcy01-amd64-027) (gcc version 5.4.0 20160609 (Ubuntu 5.4.0-6ubuntu1~16.04.10) ) #167-Ubuntu SMP Wed Dec 5 10:38:08 UTC 2018 (Ubuntu 4.4.0-141.167-generic 4.4.162)
[    0.000000] KERNEL supported cpus:
[    0.000000]   Intel GenuineIntel
[    0.000000]   AMD AuthenticAMD
[    0.000000]   NSC Geode by NSC
[    0.000000]   Cyrix CyrixInstead
[    0.000000]   Centaur CentaurHauls
[    0.000000]   Transmeta GenuineTMx86
[    0.000000]   Transmeta TransmetaCPU
[    0.000000]   UMC UMC UMC UMC
[    0.000000] x86/fpu: xstate_offset[2]:  576, xstate_sizes[2]:  256
[    0.000000] x86/fpu: Supporting XSAVE feature 0x01: 'x87 floating point registers'
[    0.000000] x86/fpu: Supporting XSAVE feature 0x02: 'SSE registers'
[    0.000000] x86/fpu: Supporting XSAVE feature 0x04: 'AVX registers'
[    0.000000] x86/fpu: Enabled xstate features 0x7, context size is 832 bytes, using 'standard' format.
[    0.000000] e820: BIOS-provided physical RAM map:
[    0.000000] BIOS-e820: [mem 0x0000000000000000-0x000000000009fbff] usable
[    0.000000] BIOS-e820: [mem 0x000000000009fc00-0x000000000009ffff] reserved
[    0.000000] BIOS-e820: [mem 0x00000000000f0000-0x00000000000fffff] reserved
[    0.000000] BIOS-e820: [mem 0x0000000000100000-0x000000001ffeffff] usable
[    0.000000] BIOS-e820: [mem 0x000000001fff0000-0x000000001fffffff] ACPI data
[    0.000000] BIOS-e820: [mem 0x00000000fec00000-0x00000000fec00fff] reserved
[    0.000000] BIOS-e820: [mem 0x00000000fee00000-0x00000000fee00fff] reserved
[    0.000000] BIOS-e820: [mem 0x00000000fffc0000-0x00000000ffffffff] reserved
[    0.000000] NX (Execute Disable) protection: active
[    0.000000] SMBIOS 2.5 present.
[    0.000000] Hypervisor detected: KVM
[    0.000000] e820: last_pfn = 0x1fff0 max_arch_pfn = 0x1000000
[    0.000000] MTRR: Disabled
[    0.000000] x86/PAT: MTRRs disabled, skipping PAT initialization too.
[    0.000000] CPU MTRRs all blank - virtualized system.
[    0.000000] x86/PAT: Configuration [0-7]: WB  WT  UC- UC  WB  WT  UC- UC  
[    0.000000] found SMP MP-table at [mem 0x0009fff0-0x0009ffff] mapped at [c009fff0]
[    0.000000] Scanning 1 areas for low memory corruption
[    0.000000] RAMDISK: [mem 0x1e910000-0x1f77afff]
[    0.000000] ACPI: Early table checksum verification disabled
[    0.000000] ACPI: RSDP 0x00000000000E0000 000024 (v02 VBOX  )
[    0.000000] ACPI: XSDT 0x000000001FFF0030 00003C (v01 VBOX   VBOXXSDT 00000001 ASL  00000061)
[    0.000000] ACPI: FACP 0x000000001FFF00F0 0000F4 (v04 VBOX   VBOXFACP 00000001 ASL  00000061)
[    0.000000] ACPI: DSDT 0x000000001FFF0470 0021FF (v02 VBOX   VBOXBIOS 00000002 INTL 20100528)
[    0.000000] ACPI: FACS 0x000000001FFF0200 000040
[    0.000000] ACPI: FACS 0x000000001FFF0200 000040
[    0.000000] ACPI: APIC 0x000000001FFF0240 000054 (v02 VBOX   VBOXAPIC 00000001 ASL  00000061)
[    0.000000] ACPI: SSDT 0x000000001FFF02A0 0001CC (v01 VBOX   VBOXCPUT 00000002 INTL 20100528)
[    0.000000] 0MB HIGHMEM available.
[    0.000000] 511MB LOWMEM available.
[    0.000000]   mapped low ram: 0 - 1fff0000
[    0.000000]   low ram: 0 - 1fff0000
[    0.000000] kvm-clock: Using msrs 4b564d01 and 4b564d00
[    0.000000] kvm-clock: cpu 0, msr 0:1ffef001, primary cpu clock
[    0.000000] kvm-clock: using sched offset of 19417446261 cycles
[    0.000000] clocksource: kvm-clock: mask: 0xffffffffffffffff max_cycles: 0x1cd42e4dffb, max_idle_ns: 881590591483 ns
[    0.000000] Zone ranges:
[    0.000000]   DMA      [mem 0x0000000000001000-0x0000000000ffffff]
[    0.000000]   Normal   [mem 0x0000000001000000-0x000000001ffeffff]
[    0.000000]   HighMem  empty
[    0.000000] Movable zone start for each node
[    0.000000] Early memory node ranges
[    0.000000]   node   0: [mem 0x0000000000001000-0x000000000009efff]
[    0.000000]   node   0: [mem 0x0000000000100000-0x000000001ffeffff]
[    0.000000] Initmem setup node 0 [mem 0x0000000000001000-0x000000001ffeffff]
[    0.000000] Using APIC driver default
[    0.000000] ACPI: PM-Timer IO Port: 0x4008
[    0.000000] IOAPIC[0]: apic_id 1, version 32, address 0xfec00000, GSI 0-23
[    0.000000] ACPI: INT_SRC_OVR (bus 0 bus_irq 0 global_irq 2 dfl dfl)
[    0.000000] ACPI: INT_SRC_OVR (bus 0 bus_irq 9 global_irq 9 low level)
[    0.000000] Using ACPI (MADT) for SMP configuration information
[    0.000000] smpboot: Allowing 1 CPUs, 0 hotplug CPUs
[    0.000000] PM: Registered nosave memory: [mem 0x00000000-0x00000fff]
[    0.000000] PM: Registered nosave memory: [mem 0x0009f000-0x0009ffff]
[    0.000000] PM: Registered nosave memory: [mem 0x000a0000-0x000effff]
[    0.000000] PM: Registered nosave memory: [mem 0x000f0000-0x000fffff]
[    0.000000] e820: [mem 0x20000000-0xfebfffff] available for PCI devices
[    0.000000] Booting paravirtualized kernel on KVM
[    0.000000] clocksource: refined-jiffies: mask: 0xffffffff max_cycles: 0xffffffff, max_idle_ns: 7645519600211568 ns
[    0.000000] setup_percpu: NR_CPUS:8 nr_cpumask_bits:8 nr_cpu_ids:1 nr_node_ids:1
[    0.000000] PERCPU: Embedded 19 pages/cpu @dfac1000 s47436 r0 d30388 u77824
[    0.000000] PV qspinlock hash table entries: 512 (order: 0, 4096 bytes)
[    0.000000] Built 1 zonelists in Zone order, mobility grouping on.  Total pages: 129678
[    0.000000] Kernel command line: BOOT_IMAGE=/boot/vmlinuz-4.4.0-141-generic root=UUID=7633e1aa-bd39-4ab9-8663-1bfde43f634c ro console=tty1 console=ttyS0
[    0.000000] PID hash table entries: 2048 (order: 1, 8192 bytes)
[    0.000000] Dentry cache hash table entries: 65536 (order: 6, 262144 bytes)
[    0.000000] Inode-cache hash table entries: 32768 (order: 5, 131072 bytes)
[    0.000000] Initializing CPU#0
[    0.000000] Initializing HighMem for node 0 (00000000:00000000)
[    0.000000] Memory: 489392K/523832K available (8052K kernel code, 778K rwdata, 3180K rodata, 952K init, 800K bss, 34440K reserved, 0K cma-reserved, 0K highmem)
[    0.000000] virtual kernel memory layout:
[    0.000000]     fixmap  : 0xfff15000 - 0xfffff000   ( 936 kB)
[    0.000000]     pkmap   : 0xffc00000 - 0xffe00000   (2048 kB)
[    0.000000]     vmalloc : 0xe07f0000 - 0xffbfe000   ( 500 MB)
[    0.000000]     lowmem  : 0xc0000000 - 0xdfff0000   ( 511 MB)
[    0.000000]       .init : 0xc1bbe000 - 0xc1cac000   ( 952 kB)
[    0.000000]       .data : 0xc17dd3c4 - 0xc1bbc9c0   (3965 kB)
[    0.000000]       .text : 0xc1000000 - 0xc17dd3c4   (8052 kB)
[    0.000000] Checking if this processor honours the WP bit even in supervisor mode...Ok.
[    0.000000] SLUB: HWalign=64, Order=0-3, MinObjects=0, CPUs=1, Nodes=1
[    0.000000] Hierarchical RCU implementation.
[    0.000000] 	Build-time adjustment of leaf fanout to 32.
[    0.000000] 	RCU restricting CPUs from NR_CPUS=8 to nr_cpu_ids=1.
[    0.000000] RCU: Adjusting geometry for rcu_fanout_leaf=32, nr_cpu_ids=1
[    0.000000] NR_IRQS:2304 nr_irqs:256 16
[    0.000000] Console: colour VGA+ 80x25
[    0.000000] console [tty1] enabled
[    0.000000] console [ttyS0] enabled
[    0.000000] allocated 524288 bytes of page_ext
[    0.000000] tsc: Detected 2304.000 MHz processor
[    5.910705] Calibrating delay loop (skipped) preset value.. 4608.00 BogoMIPS (lpj=9216000)
[    5.989498] pid_max: default: 32768 minimum: 301
[    6.028729] ACPI: Core revision 20150930
[    6.066342] ACPI: 2 ACPI AML tables successfully acquired and loaded
[    6.126950] Security Framework initialized
[    6.164736] Yama: becoming mindful.
[    6.199567] AppArmor: AppArmor initialized
[    6.238475] Mount-cache hash table entries: 1024 (order: 0, 4096 bytes)
[    6.290404] Mountpoint-cache hash table entries: 1024 (order: 0, 4096 bytes)
[    6.343739] Initializing cgroup subsys io
[    6.378395] Initializing cgroup subsys memory
[    6.417297] Initializing cgroup subsys devices
[    6.454059] Initializing cgroup subsys freezer
[    6.495117] Initializing cgroup subsys net_cls
[    6.533618] Initializing cgroup subsys perf_event
[    6.573744] Initializing cgroup subsys net_prio
[    6.614035] Initializing cgroup subsys hugetlb
[    6.654065] Initializing cgroup subsys pids
[    6.699988] mce: CPU supports 0 MCE banks
[    6.733246] process: using mwait in idle threads
[    6.767324] Last level iTLB entries: 4KB 128, 2MB 8, 4MB 8
[    6.813550] Last level dTLB entries: 4KB 64, 2MB 0, 4MB 0, 1GB 4
[    6.863696] Spectre V2 : Mitigation: Full generic retpoline
[    6.907522] Spectre V2 : Spectre v2 mitigation: Speculation control IBPB not-supported IBRS not-supported
[    6.974493] Spectre V2 : Spectre v2 / SpectreRSB mitigation: Filling RSB on context switch
[    7.058064] Speculative Store Bypass: Vulnerable
[    7.459052] Freeing SMP alternatives memory: 32K
[    7.737676] ftrace: allocating 31566 entries in 62 pages
[    8.785286] smpboot: APIC(0) Converting physical 0 to logical package 0
[    8.837447] smpboot: Max logical packages: 1
[    8.869090] Enabling APIC mode:  Flat.  Using 1 I/O APICs
[    8.965360] ..TIMER: vector=0x30 apic1=0 pin1=2 apic2=-1 pin2=-1
[    9.109818] APIC calibration not consistent with PM-Timer: 96ms instead of 100ms
[    9.172608] APIC delta adjusted to PM-Timer: 6359508 (6148552)
[    9.223739] smpboot: CPU0: Intel(R) Core(TM) i5-6300HQ CPU @ 2.30GHz (family: 0x6, model: 0x5e, stepping: 0x3)
[    9.321020] Performance Events: unsupported p6 CPU model 94 no PMU driver, software events only.
[    9.404062] KVM setup paravirtual spinlock
[    9.438294] x86: Booted up 1 node, 1 CPUs
[    9.472097] smpboot: Total of 1 processors activated (4608.00 BogoMIPS)
[    9.531784] devtmpfs: initialized
[    9.563066] evm: security.selinux
[    9.595495] evm: security.SMACK64
[    9.627987] evm: security.SMACK64EXEC
[    9.664120] evm: security.SMACK64TRANSMUTE
[    9.702180] evm: security.SMACK64MMAP
[    9.736975] evm: security.ima
[    9.766935] evm: security.capability
[    9.801425] clocksource: jiffies: mask: 0xffffffff max_cycles: 0xffffffff, max_idle_ns: 7645041785100000 ns
[    9.880342] futex hash table entries: 256 (order: 2, 16384 bytes)
[    9.926055] pinctrl core: initialized pinctrl subsystem
[    9.963369] RTC time: 14:59:58, date: 01/04/19
[   10.000233] NET: Registered protocol family 16
[   10.041607] EISA bus registered
[   10.074975] cpuidle: using governor ladder
[   10.112055] cpuidle: using governor menu
[   10.148108] PCCT header not found.
[   10.182144] ACPI: bus type PCI registered
[   10.218387] acpiphp: ACPI Hot Plug PCI Controller Driver version: 0.5
[   10.273587] PCI : PCI BIOS area is rw and x. Use pci=nobios if you want it NX.
[   10.338089] PCI: PCI BIOS revision 2.10 entry at 0xfda26, last bus=0
[   10.388005] PCI: Using configuration type 1 for base access
[   10.435596] ACPI: Added _OSI(Module Device)
[   10.469462] ACPI: Added _OSI(Processor Device)
[   10.507647] ACPI: Added _OSI(3.0 _SCP Extensions)
[   10.548288] ACPI: Added _OSI(Processor Aggregator Device)
[   10.603701] ACPI: Executed 1 blocks of module-level executable AML code
[   10.675736] ACPI: Interpreter enabled
[   10.711881] ACPI: (supports S0 S5)
[   10.746524] ACPI: Using IOAPIC for interrupt routing
[   11.205916] PCI: Using host bridge windows from ACPI; if necessary, use "pci=nocrs" and report a bug
[   11.324770] ACPI: PCI Root Bridge [PCI0] (domain 0000 [bus 00-ff])
[   11.366763] acpi PNP0A03:00: _OSC: OS supports [ASPM ClockPM Segments MSI]
[   11.412394] acpi PNP0A03:00: _OSC: not requesting OS control; OS requires [ExtendedConfig ASPM ClockPM MSI]
[   11.487748] acpi PNP0A03:00: fail to add MMCONFIG information, can't access extended PCI configuration space under this bridge.
[   11.585747] PCI host bridge to bus 0000:00
[   11.624753] pci_bus 0000:00: root bus resource [io  0x0000-0x0cf7 window]
[   11.678348] pci_bus 0000:00: root bus resource [io  0x0d00-0xffff window]
[   11.729255] pci_bus 0000:00: root bus resource [mem 0x000a0000-0x000bffff window]
[   11.795784] pci_bus 0000:00: root bus resource [mem 0x20000000-0xfdffffff window]
[   11.862372] pci_bus 0000:00: root bus resource [bus 00-ff]
[   11.999367] pci 0000:00:01.1: legacy IDE quirk: reg 0x10: [io  0x01f0-0x01f7]
[   12.054590] pci 0000:00:01.1: legacy IDE quirk: reg 0x14: [io  0x03f6]
[   12.098941] pci 0000:00:01.1: legacy IDE quirk: reg 0x18: [io  0x0170-0x0177]
[   12.146302] pci 0000:00:01.1: legacy IDE quirk: reg 0x1c: [io  0x0376]
[   12.418489] pci 0000:00:07.0: quirk: [io  0x4000-0x403f] claimed by PIIX4 ACPI
[   12.481226] pci 0000:00:07.0: quirk: [io  0x4100-0x410f] claimed by PIIX4 SMB
[   12.671023] ACPI: PCI Interrupt Link [LNKA] (IRQs 5 9 10 *11)
[   12.747566] ACPI: PCI Interrupt Link [LNKB] (IRQs 5 9 *10 11)
[   12.824504] ACPI: PCI Interrupt Link [LNKC] (IRQs 5 *9 10 11)
[   12.901103] ACPI: PCI Interrupt Link [LNKD] (IRQs 5 9 10 *11)
[   12.978407] ACPI: Enabled 2 GPEs in block 00 to 07
[   13.029714] vgaarb: setting as boot device: PCI:0000:00:02.0
[   13.074139] vgaarb: device added: PCI:0000:00:02.0,decodes=io+mem,owns=io+mem,locks=none
[   13.147589] vgaarb: loaded
[   13.171784] vgaarb: bridge control possible 0000:00:02.0
[   13.208594] SCSI subsystem initialized
[   13.250443] ACPI: bus type USB registered
[   13.287247] usbcore: registered new interface driver usbfs
[   13.332324] usbcore: registered new interface driver hub
[   13.376563] usbcore: registered new device driver usb
[   13.420247] PCI: Using ACPI for IRQ routing
[   13.467157] NetLabel: Initializing
[   13.498267] NetLabel:  domain hash size = 128
[   13.537387] NetLabel:  protocols = UNLABELED CIPSOv4
[   13.576709] NetLabel:  unlabeled traffic allowed by default
[   13.622318] amd_nb: Cannot enumerate AMD northbridges
[   13.663787] clocksource: Switched to clocksource kvm-clock
[   13.724279] AppArmor: AppArmor Filesystem Enabled
[   13.763843] pnp: PnP ACPI init
[   13.809069] pnp: PnP ACPI: found 3 devices
[   13.844345] PnPBIOS: Disabled by ACPI PNP
[   13.921045] clocksource: acpi_pm: mask: 0xffffff max_cycles: 0xffffff, max_idle_ns: 2085701024 ns
[   13.991117] NET: Registered protocol family 2
[   14.028935] TCP established hash table entries: 4096 (order: 2, 16384 bytes)
[   14.085174] TCP bind hash table entries: 4096 (order: 3, 32768 bytes)
[   14.136231] TCP: Hash tables configured (established 4096 bind 4096)
[   14.185604] UDP hash table entries: 256 (order: 1, 8192 bytes)
[   14.226435] UDP-Lite hash table entries: 256 (order: 1, 8192 bytes)
[   14.267432] NET: Registered protocol family 1
[   14.304065] pci 0000:00:00.0: Limiting direct PCI/PCI transfers
[   14.352965] pci 0000:00:01.0: Activating ISA DMA hang workarounds
[   14.404352] Unpacking initramfs...
[   15.050970] Freeing initrd memory: 14764K
[   15.090256] platform rtc_cmos: registered platform RTC device (no PNP device found)
[   15.158256] Scanning for low memory corruption every 60 seconds
[   15.205737] audit: initializing netlink subsys (disabled)
[   15.251661] audit: type=2000 audit(1546614012.842:1): initialized
[   15.299884] Initialise system trusted keyring
[   15.332064] HugeTLB registered 2 MB page size, pre-allocated 0 pages
[   15.376800] zbud: loaded
[   15.405725] VFS: Disk quotas dquot_6.6.0
[   15.440368] VFS: Dquot-cache hash table entries: 1024 (order 0, 4096 bytes)
[   15.490886] squashfs: version 4.0 (2009/01/31) Phillip Lougher
[   15.539540] fuse init (API version 7.23)
[   15.575578] Key type big_key registered
[   15.611079] Allocating IMA MOK and blacklist keyrings.
[   15.652594] Key type asymmetric registered
[   15.689918] Asymmetric key parser 'x509' registered
[   15.731583] bounce: pool size: 64 pages
[   15.767311] Block layer SCSI generic (bsg) driver version 0.4 loaded (major 249)
[   15.832604] io scheduler noop registered
[   15.867673] io scheduler deadline registered (default)
[   15.908945] io scheduler cfq registered
[   15.943092] pci_hotplug: PCI Hot Plug PCI Core version: 0.5
[   15.990103] pciehp: PCI Express Hot Plug Controller Driver version: 0.4
[   16.042073] ACPI: AC Adapter [AC] (off-line)
[   16.082464] input: Power Button as /devices/LNXSYSTM:00/LNXPWRBN:00/input/input0
[   16.149168] ACPI: Power Button [PWRF]
[   16.185480] input: Sleep Button as /devices/LNXSYSTM:00/LNXSLPBN:00/input/input1
[   16.249501] ACPI: Sleep Button [SLPF]
[   16.288843] GHES: HEST is not enabled!
[   16.334701] ACPI: Battery Slot [BAT0] (battery present)
[   16.376787] Serial: 8250/16550 driver, 32 ports, IRQ sharing enabled
[   16.418047] isapnp: Scanning for PnP cards...
[   16.603499] 00:02: ttyS0 at I/O 0x3f8 (irq = 4, base_baud = 115200) is a 16550A
[   16.897465] Linux agpgart interface v0.103
[   17.015385] loop: module loaded
[   17.054365] scsi host0: ata_piix
[   17.164741] scsi host1: ata_piix
[   17.196706] ata1: PATA max UDMA/33 cmd 0x1f0 ctl 0x3f6 bmdma 0xd000 irq 14
[   17.258394] ata2: PATA max UDMA/33 cmd 0x170 ctl 0x376 bmdma 0xd008 irq 15
[   17.439036] libphy: Fixed MDIO Bus: probed
[   17.581559] tun: Universal TUN/TAP device driver, 1.6
[   17.625631] tun: (C) 1999-2004 Max Krasnyansky <maxk@qualcomm.com>
[   17.752782] isapnp: No Plug & Play device found
[   17.791870] PPP generic driver version 2.4.2
[   17.830616] ehci_hcd: USB 2.0 'Enhanced' Host Controller (EHCI) Driver
[   17.879663] ehci-pci: EHCI PCI platform driver
[   17.919023] ehci-platform: EHCI generic platform driver
[   17.962621] ohci_hcd: USB 1.1 'Open' Host Controller (OHCI) Driver
[   18.011453] ohci-pci: OHCI PCI platform driver
[   18.047276] ohci-platform: OHCI generic platform driver
[   18.110650] uhci_hcd: USB Universal Host Controller Interface driver
[   18.162304] i8042: PNP: PS/2 Controller [PNP0303:PS2K,PNP0f03:PS2M] at 0x60,0x64 irq 1,12
[   18.246391] serio: i8042 KBD port at 0x60,0x64 irq 1
[   18.288875] serio: i8042 AUX port at 0x60,0x64 irq 12
[   18.331729] mousedev: PS/2 mouse device common for all mice
[   18.387865] input: AT Translated Set 2 keyboard as /devices/platform/i8042/serio0/input/input2
[   18.460586] rtc_cmos rtc_cmos: rtc core: registered rtc_cmos as rtc0
[   18.511758] rtc_cmos rtc_cmos: alarms up to one day, 114 bytes nvram
[   18.556737] i2c /dev entries driver
[   18.586590] device-mapper: uevent: version 1.0.3
[   18.620777] device-mapper: ioctl: 4.34.0-ioctl (2015-10-28) initialised: dm-devel@redhat.com
[   18.692150] platform eisa.0: Probing EISA bus 0
[   18.729447] platform eisa.0: EISA: Cannot allocate resource for mainboard
[   18.778541] platform eisa.0: Cannot allocate resource for EISA slot 1
[   18.834276] platform eisa.0: Cannot allocate resource for EISA slot 2
[   18.885047] platform eisa.0: Cannot allocate resource for EISA slot 3
[   18.936425] platform eisa.0: Cannot allocate resource for EISA slot 4
[   18.985349] platform eisa.0: Cannot allocate resource for EISA slot 5
[   19.034975] platform eisa.0: Cannot allocate resource for EISA slot 6
[   19.084293] platform eisa.0: Cannot allocate resource for EISA slot 7
[   19.131784] platform eisa.0: Cannot allocate resource for EISA slot 8
[   19.182741] platform eisa.0: EISA: Detected 0 cards
[   19.229890] cpufreq-nforce2: No nForce2 chipset.
[   19.270744] ledtrig-cpu: registered to indicate activity on CPUs
[   19.320438] NET: Registered protocol family 10
[   19.360651] NET: Registered protocol family 17
[   19.399937] Key type dns_resolver registered
[   19.440395] Using IPI No-Shortcut mode
[   19.476215] registered taskstats version 1
[   19.514773] Loading compiled-in X.509 certificates
[   19.565377] Loaded X.509 cert 'Build time autogenerated kernel key: 8ee7231a1e42e4b4a17d0e4b95c66ffe15d3b32e'
[   19.642742] zswap: loaded using pool lzo/zbud
[   19.679354] Key type trusted registered
[   19.717689] Key type encrypted registered
[   19.759011] AppArmor: AppArmor sha1 policy hashing enabled
[   19.803483] ima: No TPM chip found, activating TPM-bypass!
[   19.850883] ima: Allocated hash algorithm: sha1
[   19.895828] evm: HMAC attrs: 0x1
[   19.940371]   Magic number: 3:196:990
[   19.977860] rtc_cmos rtc_cmos: setting system clock to 2019-01-04 15:00:08 UTC (1546614008)
[   20.048808] BIOS EDD facility v0.16 2004-Jun-25, 0 devices found
[   20.099654] EDD information not available.
[   20.154304] Freeing unused kernel memory: 952K
[   20.204757] Write protecting the kernel text: 8056k
[   20.251918] Write protecting the kernel read-only data: 3184k
[   20.300357] NX-protecting the kernel data: 6280k
Loading, please wait...
starting version 229
[   20.421756] random: systemd-udevd: uninitialized urandom read (16 bytes read, 10 bits of entropy available)
[   20.509108] random: udevadm: uninitialized urandom read (16 bytes read, 10 bits of entropy available)
[   20.589509] random: systemd-udevd: uninitialized urandom read (16 bytes read, 10 bits of entropy available)
[   20.703794] random: udevadm: uninitialized urandom read (16 bytes read, 10 bits of entropy available)
[   20.767739] random: systemd-udevd: uninitialized urandom read (16 bytes read, 10 bits of entropy available)
[   20.846062] random: udevadm: uninitialized urandom read (16 bytes read, 10 bits of entropy available)
[   20.951767] random: udevadm: uninitialized urandom read (16 bytes read, 10 bits of entropy available)
[   21.565272] random: udevadm: uninitialized urandom read (16 bytes read, 10 bits of entropy available)
[   21.642829] random: udevadm: uninitialized urandom read (16 bytes read, 10 bits of entropy available)
[   21.722821] random: udevadm: uninitialized urandom read (16 bytes read, 10 bits of entropy available)
[   21.960513] Fusion MPT base driver 3.04.20
[   21.997960] Copyright (c) 1999-2008 LSI Corporation
[   22.068943] e1000: Intel(R) PRO/1000 Network Driver - version 7.3.21-k8-NAPI
[   22.124574] e1000: Copyright (c) 1999-2006 Intel Corporation.
[   22.360398] Fusion MPT SPI Host driver 3.04.20
[   22.624550] input: ImExPS/2 Generic Explorer Mouse as /devices/platform/i8042/serio1/input/input4
[   26.132835] e1000 0000:00:03.0 eth0: (PCI:33MHz:32-bit) 02:e6:51:b1:60:b4
[   26.184257] e1000 0000:00:03.0 eth0: Intel(R) PRO/1000 Network Connection
[   26.246250] mptbase: ioc0: Initiating bringup
[   26.365308] ioc0: LSI53C1030 A0: Capabilities={Initiator}
[   26.650495] scsi host2: ioc0: LSI53C1030 A0, FwRev=00000000h, Ports=1, MaxQ=256, IRQ=20
[   26.838970] scsi 2:0:0:0: Direct-Access     VBOX     HARDDISK         1.0  PQ: 0 ANSI: 5
[   26.929845] scsi target2:0:0: Beginning Domain Validation
[   27.179020] scsi target2:0:0: Domain Validation skipping write tests
[   27.227652] scsi target2:0:0: Ending Domain Validation
[   27.409681] scsi target2:0:0: asynchronous
[   27.634950] scsi 2:0:1:0: Direct-Access     VBOX     HARDDISK         1.0  PQ: 0 ANSI: 5
[   27.790565] scsi target2:0:1: Beginning Domain Validation
[   28.275575] scsi target2:0:1: Domain Validation skipping write tests
[   28.317243] scsi target2:0:1: Ending Domain Validation
[   28.457279] scsi target2:0:1: asynchronous
[   29.338628] sd 2:0:0:0: Attached scsi generic sg0 type 0
[   29.376546] sd 2:0:0:0: [sda] 20971520 512-byte logical blocks: (10.7 GB/10.0 GiB)
[   29.490748] sd 2:0:1:0: Attached scsi generic sg1 type 0
[   29.535526] sd 2:0:1:0: [sdb] 20480 512-byte logical blocks: (10.5 MB/10.0 MiB)
[   29.599859] sd 2:0:0:0: [sda] Write Protect is off
[   29.689257] sd 2:0:1:0: [sdb] Write Protect is off
[   29.729170] sd 2:0:0:0: [sda] Incomplete mode parameter data
[   29.775550] sd 2:0:0:0: [sda] Assuming drive cache: write through
[   29.921332] sd 2:0:1:0: [sdb] Incomplete mode parameter data
[   29.968231] sd 2:0:1:0: [sdb] Assuming drive cache: write through
[   30.118980]  sda: sda1
[   30.154041] sd 2:0:0:0: [sda] Attached SCSI disk
[   30.201234] sd 2:0:1:0: [sdb] Attached SCSI disk
[   31.582850] e1000 0000:00:08.0 eth1: (PCI:33MHz:32-bit) 08:00:27:8e:91:ff
[   31.632210] e1000 0000:00:08.0 eth1: Intel(R) PRO/1000 Network Connection
[   31.702585] e1000 0000:00:03.0 enp0s3: renamed from eth0
[   31.748613] e1000 0000:00:08.0 enp0s8: renamed from eth1
Begin: Loading essential drivers ... [   45.228557] md: linear personality registered for level -1
[   45.283153] md: multipath personality registered for level -4
[   45.338637] md: raid0 personality registered for level 0
[   45.401351] md: raid1 personality registered for level 1
[   45.528708] raid6: mmxx1    gen()  2320 MB/s
[   45.632350] raid6: mmxx2    gen()  2782 MB/s
[   45.731989] raid6: sse1x1   gen()  2238 MB/s
[   45.832463] raid6: sse1x2   gen()  2331 MB/s
[   45.936800] raid6: sse2x1   gen()  4228 MB/s
[   46.044051] raid6: sse2x1   xor()  2879 MB/s
[   46.148603] raid6: sse2x2   gen()  5334 MB/s
[   46.252126] raid6: sse2x2   xor()  3290 MB/s
[   46.356579] raid6: avx2x1   gen()  7781 MB/s
[   46.464897] raid6: avx2x2   gen()  9342 MB/s
[   46.504432] raid6: using algorithm avx2x2 gen() 9342 MB/s
[   46.548159] raid6: using avx2x1 recovery algorithm
[   46.602590] xor: automatically using best checksumming function:
[   46.688151]    avx       : 12084.000 MB/sec
[   46.725645] async_tx: api initialized (async)
[   46.816158] md: raid6 personality registered for level 6
[   46.859249] md: raid5 personality registered for level 5
[   46.903406] md: raid4 personality registered for level 4
[   46.973773] md: raid10 personality registered for level 10
done.
Begin: Running /scripts/init-premount ... done.
Begin: Mounting root file system ... Begin: Running /scripts/local-top ... done.
Begin: Running /scripts/local-premount ... [   47.314130] Btrfs loaded
Scanning for Btrfs filesystems
[   47.406684] random: nonblocking pool is initialized
done.
Warning: fsck not present, so skipping root file system
[   47.577892] EXT4-fs (sda1): mounted filesystem with ordered data mode. Opts: (null)
done.
Begin: Running /scripts/local-bottom ... done.
Begin: Running /scripts/init-bottom ... done.
[   48.242785] systemd[1]: systemd 229 running in system mode. (+PAM +AUDIT +SELINUX +IMA +APPARMOR +SMACK +SYSVINIT +UTMP +LIBCRYPTSETUP +GCRYPT +GNUTLS +ACL +XZ -LZ4 +SECCOMP +BLKID +ELFUTILS +KMOD -IDN)
[   48.380770] systemd[1]: Detected virtualization oracle.
[   48.424443] systemd[1]: Detected architecture x86.

Welcome to [1mUbuntu 16.04.5 LTS[0m!

[   48.531573] systemd[1]: Set hostname to <kouosl>.
[   49.229113] systemd[1]: Listening on /dev/initctl Compatibility Named Pipe.
[[0;32m  OK  [0m] Listening on /dev/initctl Compatibility Named Pipe.
[   49.346119] systemd[1]: Created slice User and Session Slice.
[[0;32m  OK  [0m] Created slice User and Session Slice.
[   49.455403] systemd[1]: Listening on Syslog Socket.
[[0;32m  OK  [0m] Listening on Syslog Socket.
[   49.554259] systemd[1]: Listening on Journal Socket (/dev/log).
[[0;32m  OK  [0m] Listening on Journal Socket (/dev/log).
[   49.662667] systemd[1]: Listening on Journal Socket.
[[0;32m  OK  [0m] Listening on Journal Socket.
[   49.760114] systemd[1]: Started Trigger resolvconf update for networkd DNS.
[[0;32m  OK  [0m] Started Trigger resolvconf update for networkd DNS.
[   49.878080] systemd[1]: Set up automount Arbitrary Executable File Formats File System Automount Point.
[[0;32m  OK  [0m] Set up automount Arbitrary Executab...ats File System Automount Point.
[   50.013013] systemd[1]: Listening on LVM2 metadata daemon socket.
[[0;32m  OK  [0m] Listening on LVM2 metadata daemon socket.
[   50.117939] systemd[1]: Reached target User and Group Name Lookups.
[[0;32m  OK  [0m] Reached target User and Group Name Lookups.
[   50.226785] systemd[1]: Reached target System Time Synchronized.
[[0;32m  OK  [0m] Reached target System Time Synchronized.
[   50.332935] systemd[1]: Listening on Journal Audit Socket.
[[0;32m  OK  [0m] Listening on Journal Audit Socket.
[   50.435748] systemd[1]: Listening on udev Kernel Socket.
[[0;32m  OK  [0m] Listening on udev Kernel Socket.
[   50.537811] systemd[1]: Reached target Encrypted Volumes.
[[0;32m  OK  [0m] Reached target Encrypted Volumes.
[   50.647490] systemd[1]: Created slice System Slice.
[[0;32m  OK  [0m] Created slice System Slice.
[   50.749749] systemd[1]: Created slice system-serial\x2dgetty.slice.
[[0;32m  OK  [0m] Created slice system-serial\x2dgetty.slice.
[   50.860020] systemd[1]: Starting Journal Service...
         Starting Journal Service...
[   50.967552] systemd[1]: Starting Load Kernel Modules...
         Starting Load Kernel Modules...
[   51.110860] systemd[1]: Starting Set console keymap...
[   51.161098] Loading iSCSI transport class v2.0-870.
         Starting Set console keymap...
[   51.285920] systemd[1]: Mounting Huge Pages File System...
         Mounting Huge Pages File System...[   51.427131] iscsi: registered transport (tcp)

[   51.477724] systemd[1]: Reached target Slices.
[[0;32m  OK  [0m] Reached target Slices.
[   51.646607] systemd[1]: Starting Uncomplicated firewall...
         Starting Uncomplicated firewall...
[   51.813608] systemd[1]: Mounting Debug File System...
         [   51.902834] iscsi: registered transport (iser)
Mounting Debug File System...
[   51.965123] systemd[1]: Starting Nameserver information manager...
         Starting Nameserver information manager...
[   52.071222] systemd[1]: Starting Remount Root and Kernel File Systems...
[   52.134618] EXT4-fs (sda1): re-mounted. Opts: (null)
         Starting Remount Root and Kernel File Systems...
[   52.219298] systemd[1]: Listening on Device-mapper event daemon FIFOs.
[[0;32m  OK  [0m] Listening on Device-mapper event daemon FIFOs.
[   52.337464] systemd[1]: Started Forward Password Requests to Wall Directory Watch.
[[0;32m  OK  [0m] Started Forward Password Requests to Wall Directory Watch.
[   52.467420] systemd[1]: Starting Create list of required static device nodes for the current kernel...
         Starting Create list of required st... nodes for the current kernel...
[   52.611975] systemd[1]: Reached target Swap.
[[0;32m  OK  [0m] Reached target Swap.
[   52.702417] systemd[1]: Listening on udev Control Socket.
[[0;32m  OK  [0m] Listening on udev Control Socket.
[   52.805345] systemd[1]: Listening on LVM2 poll daemon socket.
[[0;32m  OK  [0m] Listening on LVM2 poll daemon socket.
[   52.910679] systemd[1]: Starting Monitoring of LVM2 mirrors, snapshots etc. using dmeventd or progress polling...
         Starting Monitoring of LVM2 mirrors... dmeventd or progress polling...
[   53.060237] systemd[1]: Mounting POSIX Message Queue File System...
         Mounting POSIX Message Queue File System...
[   53.172007] systemd[1]: Mounted Huge Pages File System.
[[0;32m  OK  [0m] Mounted Huge Pages File System.
[   53.269660] systemd[1]: Mounted POSIX Message Queue File System.
[[0;32m  OK  [0m] Mounted POSIX Message Queue File System.
[   53.376028] systemd[1]: Mounted Debug File System.
[[0;32m  OK  [0m] Mounted Debug File System.
[   53.471914] systemd[1]: Started Journal Service.
[[0;32m  OK  [0m] Started Journal Service.
[[0;32m  OK  [0m] Started Load Kernel Modules.
[[0;32m  OK  [0m] Started Set console keymap.
[[0;32m  OK  [0m] Started Uncomplicated firewall.
[[0;32m  OK  [0m] Started Remount Root and Kernel File Systems.
[[0;32m  OK  [0m] Started Create list of required sta...ce nodes for the current kernel.
[[0;32m  OK  [0m] Started Nameserver information manager.
[[0;32m  OK  [0m] Started LVM2 metadata daemon.
         Starting Create Static Device Nodes in /dev...
         Starting udev Coldplug all Devices...
         Starting Load/Save Random Seed...
         Mounting FUSE Control File System...
         Starting Apply Kernel Variables...
         Starting Flush Journal to Persistent Storage...
[[0;32m  OK  [0m] Mounted FUSE Control File System.
[[0;32m  OK  [0m] Started Monitoring of LVM2 mirrors,...ng dmeventd or progress polling.
[[0;32m  OK  [0m] Started Create Static Device Nodes in /dev.
[[0;32m  OK  [0m] Started Load/Save Random Seed.
[[0;32m  OK  [0m] Started Apply Kernel Variables.
[[0;32m  OK  [0m] Started udev Coldplug all Devices.
[[0;32m  OK  [0m] Started Flush Journal to Persistent Storage.
         Starting udev Kernel Device Manager...
[[0;32m  OK  [0m] Reached target Local File Systems (Pre).
[[0;32m  OK  [0m] Reached target Local File Systems.
         Starting Create Volatile Files and Directories...
         Starting LSB: AppArmor initialization...
         Starting Set console font and keymap...
         Starting Tell Plymouth To Write Out Runtime Data...
         Starting Initial cloud-init job (pre-networking)...
[[0;32m  OK  [0m] Started udev Kernel Device Manager.
[[0;32m  OK  [0m] Started Create Volatile Files and Directories.
[   48.792841] [[0;32m  OK  [0m] Started Tell Plymouth To Write Out Runtime Data.cloud-init
[504]: Cloud-init v. 18.4-0ubuntu1~16.04.2 running 'init-local' at Fri, 04 Jan 2019 15:00:47 +0000. Up 47.66 seconds.
[[0;32m  OK  [0m] Started Initial cloud-init job (pre-networking).
[[0;32m  OK  [0m] Found device /dev/ttyS0.
[[0;32m  OK  [0m] Started LSB: AppArmor initialization.
[[0;32m  OK  [0m] Listening on Load/Save RF Kill Switch Status /dev/rfkill Watch.
[[0;32m  OK  [0m] Reached target Network (Pre).
[[0;32m  OK  [0m] Started ifup for enp0s3.
         Starting Raise network interfaces...
[[0;32m  OK  [0m] Started ifup for enp0s8.
         Starting Update UTMP about System Boot/Shutdown...
[[0;32m  OK  [0m] Started Dispatch Password Requests to Console Directory Watch.
[[0;32m  OK  [0m] Started Set console font and keymap.
[[0;32m  OK  [0m] Started Update UTMP about System Boot/Shutdown.
[[0;32m  OK  [0m] Created slice system-getty.slice.
[[0;32m  OK  [0m] Started Raise network interfaces.
         Starting Initial cloud-init job (metadata service crawler)...
[[0;32m  OK  [0m] Reached target Network.
[   86.291806] cloud-init[1075]: Cloud-init v. 18.4-0ubuntu1~16.04.2 running 'init' at Fri, 04 Jan 2019 15:01:25 +0000. Up 85.65 seconds.
[   86.446402] cloud-init[[1075]: [0;32m  OK  [0mci-info: ++++++++++++++++++++++++++++++++++++++Net device info+++++++++++++++++++++++++++++++++++++++] Started Initial cloud-init job (metadata service crawler).

[[0;32m  OK  [0m[   86.581349] ] Reached target Cloud-config availability.cloud-init[1075]: ci-info: +--------+------+-----------------------------+---------------+--------+-------------------+
[[0;32m  OK  [0m] Reached target System Initialization.

[[   86.744470] [0;32m  OK  [0mcloud-init] Started Daily apt download activities.[1075]: ci-info: | Device |  Up  |           Address           |      Mask     | Scope  |     Hw-Address    |

[[   86.856581] [0;32m  OK  [0m] Started ACPI Events Check.cloud-init[1075]: ci-info: +--------+------+-----------------------------+---------------+--------+-------------------+
[[0;32m  OK  [0m] Reached target Paths.

[   86.989727] [[0;32m  OK  [0mcloud-init[1075]: ] Listening on UUID daemon activation socket.ci-info: | enp0s3 | True |          10.0.2.15          | 255.255.255.0 | global | 02:e6:51:b1:60:b4 |
[[0;32m  OK  [0m] 
Listening on D-Bus System Message Bus Socket.[   87.134520] cloud-init
[1075]:          ci-info: | enp0s3 | True |  fe80::e6:51ff:feb1:60b4/64 |       .       |  link  | 02:e6:51:b1:60:b4 |Starting Socket activation for snappy daemon.

         [   87.246630] Starting LXD - unix socket.cloud-init
[1075]: [ci-info: | enp0s8 | True |        192.168.83.137       | 255.255.255.0 | global | 08:00:27:8e:91:ff |[0;32m  OK  [0m] Started Daily Cleanup of Temporary Directories.

[   87.373856] [cloud-init[0;32m  OK  [0m[1075]: ] Listening on ACPID Listen Socket.ci-info: | enp0s8 | True | fe80::a00:27ff:fe8e:91ff/64 |       .       |  link  | 08:00:27:8e:91:ff |
[[0;32m  OK  [0m] 
Started Daily apt upgrade and clean activities.[   87.518530] cloud-init[1075]: 
ci-info: |   lo   | True |          127.0.0.1          |   255.0.0.0   |  host  |         .         |[[0;32m  OK  [0m] Reached target Timers.

[[   87.633800] [0;32m  OK  [0mcloud-init] [1075]: Reached target Network is Online.ci-info: |   lo   | True |           ::1/128           |       .       |  host  |         .         |
         Starting iSCSI initiator daemon (iscsid)...

[[   87.794748] [0;32m  OK  [0mcloud-init] Listening on Socket activation for snappy daemon.[1075]: ci-info: +--------+------+-----------------------------+---------------+--------+-------------------+
[[0;32m  OK  [0m] Listening on LXD - unix socket.
[   87.923450] cloud-init
[1075]: ci-info: ++++++++++++++++++++++++++++Route IPv4 info++++++++++++++++++++++++++++
[[0;32m  OK  [0m[   88.056302] ] cloud-initReached target Sockets.[1075]: 
ci-info: +-------+--------------+----------+---------------+-----------+-------+[[0;32m  OK  [0m] Reached target Basic System.

[   88.184111]          Starting LSB: MD monitoring daemon...cloud-init[1075]: 
ci-info: | Route | Destination  | Gateway  |    Genmask    | Interface | Flags |
[[0;32m  OK  [0m[   88.313913] ] Started ACPI event daemon.cloud-init[1075]: 
         ci-info: +-------+--------------+----------+---------------+-----------+-------+Starting LSB: Record successful boot for GRUB...
[
[0;32m  OK  [0m[   88.459863] ] Started Regular background program processing daemon.cloud-init
[1075]: [ci-info: |   0   |   0.0.0.0    | 10.0.2.2 |    0.0.0.0    |   enp0s3  |   UG  |[0;32m  OK  [0m] Started Deferred execution scheduler.

         [   88.621916] Starting System Logging Service...cloud-init
[1075]: [[0;32m  OK  [0mci-info: |   1   |   10.0.2.0   | 0.0.0.0  | 255.255.255.0 |   enp0s3  |   U   |] Started Unattended Upgrades Shutdown.

[   88.776118]          cloud-initStarting Accounts Service...[1075]: 
ci-info: |   2   | 192.168.83.0 | 0.0.0.0  | 255.255.255.0 |   enp0s8  |   U   |[[0;32m  OK  [0m] Started D-Bus System Message Bus.

[   88.937995] cloud-init[1075]: ci-info: +-------+--------------+----------+---------------+-----------+-------+
[   89.035647] cloud-init[1075]: ci-info: +++++++++++++++++++Route IPv6 info+++++++++++++++++++
[   89.124089] cloud-init[1075]: ci-info: +-------+-------------+---------+-----------+-------+
         Starting LXD - container startup/shutdown...[   89.239613] cloud-init
         [1075]: Starting Login Service...ci-info: | Route | Destination | Gateway | Interface | Flags |
         Starting Virtualbox guest utils...
         Starting OpenBSD Secure Shell server...
         Starting /etc/rc.local Compatibility...

[[0;32m  OK  [0m[   89.542382] ] Started FUSE filesystem for LXC.cloud-init
         [1075]: Starting Snappy daemon...
[ci-info: +-------+-------------+---------+-----------+-------+[0;32m  OK  [0m] Started System Logging Service.

[[0;32m  OK  [0m] Started iSCSI initiator daemon (iscsid).[   89.867497] 
[[0;32m  OK  [0mcloud-init] Started /etc/rc.local Compatibility.[1075]: ci-info: |   0   |  fe80::/64  |    ::   |   enp0s3  |   U   |

[   90.159161] [[0;32m  OK  [0mcloud-init] Started LXD - container startup/shutdown.
[1075]: [[0;32m  OK  [0mci-info: |   1   |  fe80::/64  |    ::   |   enp0s8  |   U   |] Started LSB: MD monitoring daemon.

[[   90.374767] [0;32m  OK  [0m] cloud-initStarted LSB: Record successful boot for GRUB.[1075]: ci-info: |   6   |   ff00::/8  |    ::   |   enp0s3  |   U   |
[[0;32m  OK  [0m] Started OpenBSD Secure Shell server.
[   90.499611] 
cloud-init[1075]: ci-info: |   7   |   ff00::/8  |    ::   |   enp0s8  |   U   |
[   90.636647]          Starting Authenticate and Authorize Users to Run Privileged Tasks...cloud-init
         [1075]: Starting Login to default iSCSI targets...
[[0;32m  OK  [0m] Started Snappy daemon.ci-info: +-------+-------------+---------+-----------+-------+
[[0;32m  OK  [0m] Started Login Service.
[[0;32m  OK  [0m
] Started Authenticate and Authorize Users to Run Privileged Tasks.
[[0;32m  OK  [0m] Started Accounts Service.
[[0;32m  OK  [0m] Started Virtualbox guest utils.
         Starting Wait until snapd is fully seeded...
[[0;32m  OK  [0m] Started Wait until snapd is fully seeded.
[[0;32m  OK  [0m] Started Login to default iSCSI targets.
[[0;32m  OK  [0m] Reached target Remote File Systems (Pre).
[[0;32m  OK  [0m] Reached target Remote File Systems.
         Starting LSB: Start and stop the mysql database server daemon...
         Starting LSB: Set the CPU Frequency Scaling governor to "ondemand"...
         Starting LSB: Apache2 web server...
         Starting LSB: automatic crash report generation...
         Starting Permit User Sessions...
         Starting LSB: daemon to balance interrupts for SMP systems...
         Starting Apply the settings specified in cloud-config...
[[0;32m  OK  [0m] Started Permit User Sessions.
[[0;32m  OK  [0m] Started LSB: Set the CPU Frequency Scaling governor to "ondemand".
[[0;32m  OK  [0m] Started LSB: automatic crash report generation.
[[0;32m  OK  [0m] Created slice User Slice of vagrant.
         Starting User Manager for UID 1000...
[[0;32m  OK  [0m] Started Session 1 of user vagrant.
         Starting Terminate Plymouth Boot Screen...
         Starting Hold until boot process finishes up...
[[0;32m  OK  [0m] Started User Manager for UID 1000.
[[0;32m  OK  [0m] Started LSB: daemon to balance interrupts for SMP systems.
[[0;32m  OK  [0m] Started Terminate Plymouth Boot Screen.
[[0;32m  OK  [0m] Started Hold until boot process finishes up.
[[0;32m  OK  [0m] Started Serial Getty on ttyS0.
         Starting Set console scheme...
[[0;32m  OK  [0m] Started Getty on tty1.
[[0;32m  OK  [0m] Reached target Login Prompts.
[[0;32m  OK  [0m] Started Set console scheme.
[[0;32m  OK  [0m] Started LSB: Apache2 web server.
[[0;32m  OK  [0m] Started LSB: Start and stop the mysql database server daemon.
[[0;32m  OK  [0m] Reached target Multi-User System.
[[0;32m  OK  [0m] Reached target Graphical Interface.
         Starting Update UTMP about System Runlevel Changes...
[[0;32m  OK  [0m] Started Update UTMP about System Runlevel Changes.
[   98.075490] cloud-init[1312]: Cloud-init v. 18.4-0ubuntu1~16.04.2 running 'modules:config' at Fri, 04 Jan 2019 15:01:36 +0000. Up 96.72 seconds.
[[0;32m  OK  [0m] Started Apply the settings specified in cloud-config.
         Starting Execute cloud user/final scripts...
[  101.220518] cloud-init[1808]: Cloud-init v. 18.4-0ubuntu1~16.04.2 running 'modules:final' at Fri, 04 Jan 2019 15:01:40 +0000. Up 100.72 seconds.
[  101.638691] cloud-init[1808]: Cloud-init v. 18.4-0ubuntu1~16.04.2 finished at Fri, 04 Jan 2019 15:01:41 +0000. Datasource DataSourceNoCloud [seed=/dev/sdb][dsmode=net].  Up 101.11 seconds

Ubuntu 16.04.5 LTS kouosl ttyS0

kouosl login: 